[dotenv@17.3.1] injecting env (9) from .env -- tip: 🤖 agentic secret storage: https://dotenvx.com/as2
[2026-05-15T10:46:19.568Z] [INFO] hemnet-targeted-match: Connected to DB
[2026-05-15T10:46:19.955Z] [INFO] hemnet-targeted-match: cohortId=2026-W20 weekStart=2026-05-11 weekEnd=2026-05-17 booliCount=200 dryRun=true limited=200
[2026-05-15T10:46:20.385Z] [WARN] hemnet-targeted-match: https://www.hemnet.se/bostader?location_ids%5B%5D=18031 returned 403 (attempt 1/3)
[2026-05-15T10:46:20.446Z] [WARN] hemnet-targeted-match: https://www.hemnet.se/bostader?location_ids%5B%5D=17951 returned 403 (attempt 1/3)
[2026-05-15T10:46:21.569Z] [WARN] hemnet-targeted-match: https://www.hemnet.se/bostader?location_ids%5B%5D=18031 returned 403 (attempt 2/3)
[2026-05-15T10:46:21.614Z] [WARN] hemnet-targeted-match: https://www.hemnet.se/bostader?location_ids%5B%5D=17951 returned 403 (attempt 2/3)
[2026-05-15T10:46:23.747Z] [WARN] hemnet-targeted-match: https://www.hemnet.se/bostader?location_ids%5B%5D=18031 returned 403 (attempt 3/3)
[2026-05-15T10:46:23.747Z] [INFO] hemnet-targeted-match: oxylabs-fallback url=https://www.hemnet.se/bostader?location_ids%5B%5D=18031 direct-status=403 attempt=1
[2026-05-15T10:46:23.793Z] [WARN] hemnet-targeted-match: https://www.hemnet.se/bostader?location_ids%5B%5D=17951 returned 403 (attempt 3/3)
[2026-05-15T10:46:23.793Z] [INFO] hemnet-targeted-match: oxylabs-fallback url=https://www.hemnet.se/bostader?location_ids%5B%5D=17951 direct-status=403 attempt=1
[2026-05-15T10:46:31.515Z] [INFO] hemnet-targeted-match: oxylabs-fallback-success url=https://www.hemnet.se/bostader?location_ids%5B%5D=17951 ms=7722
[2026-05-15T10:46:31.519Z] [INFO] hemnet-targeted-match: narrowed search hit 51 cards booli_id=3640248 muni="Järfälla" filters=[] url=https://www.hemnet.se/bostader?location_ids%5B%5D=17951
[2026-05-15T10:46:31.519Z] [INFO] hemnet-targeted-match: unmatched-narrowed-no-card-match booli_id=3640248 street="Karlslundsvägen 17" muni="Järfälla" cardsSeen=51 filters=[]
[2026-05-15T10:46:34.074Z] [INFO] hemnet-targeted-match: narrowed search hit 50 cards booli_id=3640248 muni="Järfälla" filters=[price] url=https://www.hemnet.se/bostader?location_ids%5B%5D=17951&price_min=1558000&price_max=1722000
[2026-05-15T10:46:34.235Z] [WARN] hemnet-targeted-match: https://www.hemnet.se/bostad/16398461 returned 403 (attempt 1/3)
[2026-05-15T10:46:35.002Z] [INFO] hemnet-targeted-match: oxylabs-fallback-success url=https://www.hemnet.se/bostader?location_ids%5B%5D=18031 ms=11255
[2026-05-15T10:46:35.005Z] [INFO] hemnet-targeted-match: narrowed search hit 51 cards booli_id=2184492 muni="Stockholm" filters=[] url=https://www.hemnet.se/bostader?location_ids%5B%5D=18031
[2026-05-15T10:46:35.005Z] [INFO] hemnet-targeted-match: unmatched-narrowed-no-card-match booli_id=2184492 street="Luntmakargatan 56B" muni="Stockholm" cardsSeen=51 filters=[]
[2026-05-15T10:46:35.306Z] [INFO] hemnet-targeted-match: narrowed search hit 51 cards booli_id=3767465 muni="Stockholm" filters=[] url=https://www.hemnet.se/bostader?location_ids%5B%5D=18031
[2026-05-15T10:46:35.306Z] [INFO] hemnet-targeted-match: unmatched-narrowed-no-card-match booli_id=3767465 street="Bärkingeplan 16" muni="Stockholm" cardsSeen=51 filters=[]
[2026-05-15T10:46:35.433Z] [WARN] hemnet-targeted-match: https://www.hemnet.se/bostad/16398461 returned 403 (attempt 2/3)
[2026-05-15T10:46:37.317Z] [INFO] hemnet-targeted-match: narrowed search hit 50 cards booli_id=3767465 muni="Stockholm" filters=[price] url=https://www.hemnet.se/bostader?location_ids%5B%5D=18031&price_min=1610250&price_max=1779750
[2026-05-15T10:46:37.317Z] [INFO] hemnet-targeted-match: unmatched-narrowed-no-card-match booli_id=3767465 street="Bärkingeplan 16" muni="Stockholm" cardsSeen=50 filters=[price]
[2026-05-15T10:46:37.617Z] [WARN] hemnet-targeted-match: https://www.hemnet.se/bostad/16398461 returned 403 (attempt 3/3)
[2026-05-15T10:46:37.617Z] [INFO] hemnet-targeted-match: oxylabs-fallback url=https://www.hemnet.se/bostad/16398461 direct-status=403 attempt=1
[2026-05-15T10:46:37.793Z] [WARN] hemnet-targeted-match: https://www.hemnet.se/bostader?location_ids%5B%5D=17951&price_min=1230250&price_max=1359750 returned 403 (attempt 1/3)
[2026-05-15T10:46:38.990Z] [WARN] hemnet-targeted-match: https://www.hemnet.se/bostader?location_ids%5B%5D=17951&price_min=1230250&price_max=1359750 returned 403 (attempt 2/3)
[2026-05-15T10:46:41.167Z] [WARN] hemnet-targeted-match: https://www.hemnet.se/bostader?location_ids%5B%5D=17951&price_min=1230250&price_max=1359750 returned 403 (attempt 3/3)
[2026-05-15T10:46:41.167Z] [INFO] hemnet-targeted-match: oxylabs-fallback url=https://www.hemnet.se/bostader?location_ids%5B%5D=17951&price_min=1230250&price_max=1359750 direct-status=403 attempt=1
[2026-05-15T10:46:46.459Z] [INFO] hemnet-targeted-match: oxylabs-fallback-success url=https://www.hemnet.se/bostad/16398461 ms=8842
[2026-05-15T10:46:46.461Z] [INFO] hemnet-targeted-match: postcode-mismatch booli_id=3640248 booli=17738 hemnet=17744 hemnet_id=16398461
[2026-05-15T10:46:46.810Z] [WARN] hemnet-targeted-match: https://www.hemnet.se/bostader?location_ids%5B%5D=18028 returned 403 (attempt 1/3)
[2026-05-15T10:46:48.096Z] [WARN] hemnet-targeted-match: https://www.hemnet.se/bostader?location_ids%5B%5D=18028 returned 403 (attempt 2/3)
[2026-05-15T10:46:49.632Z] [INFO] hemnet-targeted-match: oxylabs-fallback-success url=https://www.hemnet.se/bostader?location_ids%5B%5D=17951&price_min=1230250&price_max=1359750 ms=8465
[2026-05-15T10:46:49.633Z] [INFO] hemnet-targeted-match: narrowed search hit 50 cards booli_id=3977345 muni="Järfälla" filters=[price] url=https://www.hemnet.se/bostader?location_ids%5B%5D=17951&price_min=1230250&price_max=1359750
[2026-05-15T10:46:49.633Z] [INFO] hemnet-targeted-match: unmatched-narrowed-no-card-match booli_id=3977345 street="Rondellen 4" muni="Järfälla" cardsSeen=50 filters=[price]
[2026-05-15T10:46:50.112Z] [WARN] hemnet-targeted-match: https://www.hemnet.se/bostader?location_ids%5B%5D=17853&price_min=7120250&price_max=7869750 returned 403 (attempt 1/3)
[2026-05-15T10:46:50.327Z] [WARN] hemnet-targeted-match: https://www.hemnet.se/bostader?location_ids%5B%5D=18028 returned 403 (attempt 3/3)
[2026-05-15T10:46:50.327Z] [INFO] hemnet-targeted-match: oxylabs-fallback url=https://www.hemnet.se/bostader?location_ids%5B%5D=18028 direct-status=403 attempt=1
[2026-05-15T10:46:51.292Z] [WARN] hemnet-targeted-match: https://www.hemnet.se/bostader?location_ids%5B%5D=17853&price_min=7120250&price_max=7869750 returned 403 (attempt 2/3)
[2026-05-15T10:46:53.510Z] [WARN] hemnet-targeted-match: https://www.hemnet.se/bostader?location_ids%5B%5D=17853&price_min=7120250&price_max=7869750 returned 403 (attempt 3/3)
[2026-05-15T10:46:53.511Z] [INFO] hemnet-targeted-match: oxylabs-fallback url=https://www.hemnet.se/bostader?location_ids%5B%5D=17853&price_min=7120250&price_max=7869750 direct-status=403 attempt=1
[2026-05-15T10:46:57.599Z] [INFO] hemnet-targeted-match: oxylabs-fallback-success url=https://www.hemnet.se/bostader?location_ids%5B%5D=18028 ms=7271
[2026-05-15T10:46:57.603Z] [INFO] hemnet-targeted-match: narrowed search hit 50 cards booli_id=4046045 muni="Solna" filters=[] url=https://www.hemnet.se/bostader?location_ids%5B%5D=18028
[2026-05-15T10:46:57.603Z] [INFO] hemnet-targeted-match: unmatched-narrowed-no-card-match booli_id=4046045 street="Vasavägen 23" muni="Solna" cardsSeen=50 filters=[]
[2026-05-15T10:46:58.043Z] [WARN] hemnet-targeted-match: https://www.hemnet.se/bostader?location_ids%5B%5D=17853 returned 403 (attempt 1/3)
[2026-05-15T10:47:00.656Z] [INFO] hemnet-targeted-match: narrowed search hit 51 cards booli_id=4475672 muni="Nacka" filters=[] url=https://www.hemnet.se/bostader?location_ids%5B%5D=17853
[2026-05-15T10:47:00.794Z] [WARN] hemnet-targeted-match: https://www.hemnet.se/bostad/18145576 returned 403 (attempt 1/3)
[2026-05-15T10:47:02.020Z] [WARN] hemnet-targeted-match: https://www.hemnet.se/bostad/18145576 returned 403 (attempt 2/3)
[2026-05-15T10:47:04.367Z] [WARN] hemnet-targeted-match: https://www.hemnet.se/bostad/18145576 returned 403 (attempt 3/3)
[2026-05-15T10:47:04.368Z] [INFO] hemnet-targeted-match: oxylabs-fallback url=https://www.hemnet.se/bostad/18145576 direct-status=403 attempt=1
[2026-05-15T10:47:06.850Z] [INFO] hemnet-targeted-match: oxylabs-fallback-success url=https://www.hemnet.se/bostader?location_ids%5B%5D=17853&price_min=7120250&price_max=7869750 ms=13339
[2026-05-15T10:47:06.853Z] [INFO] hemnet-targeted-match: narrowed search hit 50 cards booli_id=4475672 muni="Nacka" filters=[price] url=https://www.hemnet.se/bostader?location_ids%5B%5D=17853&price_min=7120250&price_max=7869750
[2026-05-15T10:47:08.635Z] [INFO] hemnet-targeted-match: postcode-mismatch booli_id=4475672 booli=13172 hemnet=13173 hemnet_id=18145576
[2026-05-15T10:47:08.927Z] [WARN] hemnet-targeted-match: https://www.hemnet.se/bostader?location_ids%5B%5D=18027 returned 403 (attempt 1/3)
[2026-05-15T10:47:09.641Z] [INFO] hemnet-targeted-match: oxylabs-fallback-success url=https://www.hemnet.se/bostad/18145576 ms=5273
[2026-05-15T10:47:09.642Z] [INFO] hemnet-targeted-match: postcode-mismatch booli_id=4475672 booli=13172 hemnet=13173 hemnet_id=18145576
[2026-05-15T10:47:10.093Z] [WARN] hemnet-targeted-match: https://www.hemnet.se/bostader?location_ids%5B%5D=18027 returned 403 (attempt 2/3)
[2026-05-15T10:47:11.118Z] [INFO] hemnet-targeted-match: narrowed search hit 50 cards booli_id=4523644 muni="Göteborg" filters=[price] url=https://www.hemnet.se/bostader?location_ids%5B%5D=17920&price_min=2845250&price_max=3144750
[2026-05-15T10:47:11.337Z] [WARN] hemnet-targeted-match: https://www.hemnet.se/bostad/21578086 returned 403 (attempt 1/3)
[2026-05-15T10:47:12.282Z] [WARN] hemnet-targeted-match: https://www.hemnet.se/bostader?location_ids%5B%5D=18027 returned 403 (attempt 3/3)
[2026-05-15T10:47:12.282Z] [INFO] hemnet-targeted-match: oxylabs-fallback url=https://www.hemnet.se/bostader?location_ids%5B%5D=18027 direct-status=403 attempt=1
[2026-05-15T10:47:14.328Z] [INFO] hemnet-targeted-match: match booli_id=4523644 "Södra Hultet 4" listed=2026-05-11 postcode=42456 https://www.booli.se/bostad/4523644
   -> hemnet_id=21578086 published=1778758358 postCode=42456 ✓ https://www.hemnet.se/bostad/21578086
[2026-05-15T10:47:14.759Z] [WARN] hemnet-targeted-match: https://www.hemnet.se/bostader?location_ids%5B%5D=17885 returned 403 (attempt 1/3)
[2026-05-15T10:47:15.949Z] [WARN] hemnet-targeted-match: https://www.hemnet.se/bostader?location_ids%5B%5D=17885 returned 403 (attempt 2/3)
[2026-05-15T10:47:17.564Z] [INFO] hemnet-targeted-match: oxylabs-fallback-success url=https://www.hemnet.se/bostader?location_ids%5B%5D=18027 ms=5282
[2026-05-15T10:47:17.568Z] [INFO] hemnet-targeted-match: narrowed search hit 51 cards booli_id=4513425 muni="Sollentuna" filters=[] url=https://www.hemnet.se/bostader?location_ids%5B%5D=18027
[2026-05-15T10:47:18.198Z] [WARN] hemnet-targeted-match: https://www.hemnet.se/bostad/18265377 returned 403 (attempt 1/3)
[2026-05-15T10:47:18.372Z] [WARN] hemnet-targeted-match: https://www.hemnet.se/bostader?location_ids%5B%5D=17885 returned 403 (attempt 3/3)
[2026-05-15T10:47:18.372Z] [INFO] hemnet-targeted-match: oxylabs-fallback url=https://www.hemnet.se/bostader?location_ids%5B%5D=17885 direct-status=403 attempt=1
[2026-05-15T10:47:19.452Z] [WARN] hemnet-targeted-match: https://www.hemnet.se/bostad/18265377 returned 403 (attempt 2/3)
[2026-05-15T10:47:21.683Z] [WARN] hemnet-targeted-match: https://www.hemnet.se/bostad/18265377 returned 403 (attempt 3/3)
[2026-05-15T10:47:21.683Z] [INFO] hemnet-targeted-match: oxylabs-fallback url=https://www.hemnet.se/bostad/18265377 direct-status=403 attempt=1
[2026-05-15T10:47:22.460Z] [INFO] hemnet-targeted-match: oxylabs-fallback-success url=https://www.hemnet.se/bostader?location_ids%5B%5D=17885 ms=4088
[2026-05-15T10:47:22.463Z] [INFO] hemnet-targeted-match: narrowed search hit 51 cards booli_id=4529738 muni="Botkyrka" filters=[] url=https://www.hemnet.se/bostader?location_ids%5B%5D=17885
[2026-05-15T10:47:22.463Z] [INFO] hemnet-targeted-match: unmatched-narrowed-no-card-match booli_id=4529738 street="Elgentorpsvägen 20" muni="Botkyrka" cardsSeen=51 filters=[]
[2026-05-15T10:47:22.995Z] [WARN] hemnet-targeted-match: https://www.hemnet.se/bostader?location_ids%5B%5D=17800&price_min=1662500&price_max=1837500 returned 403 (attempt 1/3)
[2026-05-15T10:47:24.181Z] [WARN] hemnet-targeted-match: https://www.hemnet.se/bostader?location_ids%5B%5D=17800&price_min=1662500&price_max=1837500 returned 403 (attempt 2/3)
[2026-05-15T10:47:26.377Z] [WARN] hemnet-targeted-match: https://www.hemnet.se/bostader?location_ids%5B%5D=17800&price_min=1662500&price_max=1837500 returned 403 (attempt 3/3)
[2026-05-15T10:47:26.377Z] [INFO] hemnet-targeted-match: oxylabs-fallback url=https://www.hemnet.se/bostader?location_ids%5B%5D=17800&price_min=1662500&price_max=1837500 direct-status=403 attempt=1
[2026-05-15T10:47:27.153Z] [INFO] hemnet-targeted-match: oxylabs-fallback-success url=https://www.hemnet.se/bostad/18265377 ms=5470
[2026-05-15T10:47:27.154Z] [INFO] hemnet-targeted-match: postcode-mismatch booli_id=4513425 booli=19162 hemnet=19164 hemnet_id=18265377
[2026-05-15T10:47:27.455Z] [WARN] hemnet-targeted-match: https://www.hemnet.se/bostader?location_ids%5B%5D=17824&price_min=4275000&price_max=4725000 returned 403 (attempt 1/3)
[2026-05-15T10:47:28.754Z] [WARN] hemnet-targeted-match: https://www.hemnet.se/bostader?location_ids%5B%5D=17824&price_min=4275000&price_max=4725000 returned 403 (attempt 2/3)
[2026-05-15T10:47:31.051Z] [WARN] hemnet-targeted-match: https://www.hemnet.se/bostader?location_ids%5B%5D=17824&price_min=4275000&price_max=4725000 returned 403 (attempt 3/3)
[2026-05-15T10:47:31.051Z] [INFO] hemnet-targeted-match: oxylabs-fallback url=https://www.hemnet.se/bostader?location_ids%5B%5D=17824&price_min=4275000&price_max=4725000 direct-status=403 attempt=1
[2026-05-15T10:47:32.049Z] [INFO] hemnet-targeted-match: oxylabs-fallback-success url=https://www.hemnet.se/bostader?location_ids%5B%5D=17800&price_min=1662500&price_max=1837500 ms=5672
[2026-05-15T10:47:32.050Z] [INFO] hemnet-targeted-match: narrowed search hit 50 cards booli_id=4629595 muni="Uppsala" filters=[price] url=https://www.hemnet.se/bostader?location_ids%5B%5D=17800&price_min=1662500&price_max=1837500
[2026-05-15T10:47:32.050Z] [INFO] hemnet-targeted-match: unmatched-narrowed-no-card-match booli_id=4629595 street="Torgny Segerstedts Allé 11D" muni="Uppsala" cardsSeen=50 filters=[price]
[2026-05-15T10:47:32.488Z] [WARN] hemnet-targeted-match: https://www.hemnet.se/bostader?location_ids%5B%5D=17790&price_min=3035250&price_max=3354750 returned 403 (attempt 1/3)
[2026-05-15T10:47:35.264Z] [INFO] hemnet-targeted-match: narrowed search hit 50 cards booli_id=4709472 muni="Trollhättan" filters=[price] url=https://www.hemnet.se/bostader?location_ids%5B%5D=17790&price_min=3035250&price_max=3354750
[2026-05-15T10:47:35.264Z] [INFO] hemnet-targeted-match: unmatched-narrowed-no-card-match booli_id=4709472 street="Vadarevägen 38" muni="Trollhättan" cardsSeen=50 filters=[price]
[2026-05-15T10:47:35.710Z] [WARN] hemnet-targeted-match: https://www.hemnet.se/bostader?location_ids%5B%5D=17920&price_min=1795500&price_max=1984500 returned 403 (attempt 1/3)
[2026-05-15T10:47:35.971Z] [INFO] hemnet-targeted-match: oxylabs-fallback-success url=https://www.hemnet.se/bostader?location_ids%5B%5D=17824&price_min=4275000&price_max=4725000 ms=4920
[2026-05-15T10:47:35.974Z] [INFO] hemnet-targeted-match: narrowed search hit 50 cards booli_id=4708532 muni="Ystad" filters=[price] url=https://www.hemnet.se/bostader?location_ids%5B%5D=17824&price_min=4275000&price_max=4725000
[2026-05-15T10:47:35.974Z] [INFO] hemnet-targeted-match: unmatched-narrowed-no-card-match booli_id=4708532 street="Ljungabrovägen 141" muni="Ystad" cardsSeen=50 filters=[price]
[2026-05-15T10:47:36.329Z] [WARN] hemnet-targeted-match: https://www.hemnet.se/bostader?location_ids%5B%5D=18011&price_min=1325250&price_max=1464750 returned 403 (attempt 1/3)
[2026-05-15T10:47:36.998Z] [WARN] hemnet-targeted-match: https://www.hemnet.se/bostader?location_ids%5B%5D=17920&price_min=1795500&price_max=1984500 returned 403 (attempt 2/3)
[2026-05-15T10:47:37.531Z] [WARN] hemnet-targeted-match: https://www.hemnet.se/bostader?location_ids%5B%5D=18011&price_min=1325250&price_max=1464750 returned 403 (attempt 2/3)
[2026-05-15T10:47:40.174Z] [INFO] hemnet-targeted-match: narrowed search hit 50 cards booli_id=4744608 muni="Göteborg" filters=[price] url=https://www.hemnet.se/bostader?location_ids%5B%5D=17920&price_min=1795500&price_max=1984500
[2026-05-15T10:47:40.174Z] [INFO] hemnet-targeted-match: unmatched-narrowed-no-card-match booli_id=4744608 street="Saxofongatan 3" muni="Göteborg" cardsSeen=50 filters=[price]
[2026-05-15T10:47:40.226Z] [INFO] hemnet-targeted-match: narrowed search hit 29 cards booli_id=4869197 muni="Osby" filters=[price] url=https://www.hemnet.se/bostader?location_ids%5B%5D=18011&price_min=1325250&price_max=1464750
[2026-05-15T10:47:40.362Z] [WARN] hemnet-targeted-match: https://www.hemnet.se/bostad/21290320 returned 403 (attempt 1/3)
[2026-05-15T10:47:41.316Z] [INFO] hemnet-targeted-match: narrowed search hit 50 cards booli_id=4885012 muni="Täby" filters=[price] url=https://www.hemnet.se/bostader?location_ids%5B%5D=17793&price_min=1515250&price_max=1674750
[2026-05-15T10:47:41.316Z] [INFO] hemnet-targeted-match: unmatched-narrowed-no-card-match booli_id=4885012 street="Hägerneholmsvägen 8A" muni="Täby" cardsSeen=50 filters=[price]
[2026-05-15T10:47:41.546Z] [WARN] hemnet-targeted-match: https://www.hemnet.se/bostad/21290320 returned 403 (attempt 2/3)
[2026-05-15T10:47:43.186Z] [INFO] hemnet-targeted-match: narrowed search hit 51 cards booli_id=4885012 muni="Täby" filters=[] url=https://www.hemnet.se/bostader?location_ids%5B%5D=17793
[2026-05-15T10:47:43.186Z] [INFO] hemnet-targeted-match: unmatched-narrowed-no-card-match booli_id=4885012 street="Hägerneholmsvägen 8A" muni="Täby" cardsSeen=51 filters=[]
[2026-05-15T10:47:43.523Z] [WARN] hemnet-targeted-match: https://www.hemnet.se/bostader?location_ids%5B%5D=17920&price_min=1420250&price_max=1569750 returned 403 (attempt 1/3)
[2026-05-15T10:47:43.698Z] [WARN] hemnet-targeted-match: https://www.hemnet.se/bostad/21290320 returned 403 (attempt 3/3)
[2026-05-15T10:47:43.699Z] [INFO] hemnet-targeted-match: oxylabs-fallback url=https://www.hemnet.se/bostad/21290320 direct-status=403 attempt=1
[2026-05-15T10:47:44.683Z] [WARN] hemnet-targeted-match: https://www.hemnet.se/bostader?location_ids%5B%5D=17920&price_min=1420250&price_max=1569750 returned 403 (attempt 2/3)
[2026-05-15T10:47:46.849Z] [WARN] hemnet-targeted-match: https://www.hemnet.se/bostader?location_ids%5B%5D=17920&price_min=1420250&price_max=1569750 returned 403 (attempt 3/3)
[2026-05-15T10:47:46.849Z] [INFO] hemnet-targeted-match: oxylabs-fallback url=https://www.hemnet.se/bostader?location_ids%5B%5D=17920&price_min=1420250&price_max=1569750 direct-status=403 attempt=1
[2026-05-15T10:47:48.983Z] [INFO] hemnet-targeted-match: oxylabs-fallback-success url=https://www.hemnet.se/bostad/21290320 ms=5284
[2026-05-15T10:47:48.985Z] [INFO] hemnet-targeted-match: match booli_id=4869197 "Leksaksgatan 5" listed=2026-05-10 postcode=28335 https://www.booli.se/bostad/4869197
   -> hemnet_id=21290320 published=1778489669 postCode=28335 ✓ https://www.hemnet.se/bostad/21290320
[2026-05-15T10:47:50.763Z] [INFO] hemnet-targeted-match: narrowed search hit 51 cards booli_id=4947425 muni="Stockholm" filters=[price] url=https://www.hemnet.se/bostader?location_ids%5B%5D=18031&price_min=1876250&price_max=2073750
[2026-05-15T10:47:50.904Z] [WARN] hemnet-targeted-match: https://www.hemnet.se/bostad/21721791 returned 403 (attempt 1/3)
[2026-05-15T10:47:52.073Z] [WARN] hemnet-targeted-match: https://www.hemnet.se/bostad/21721791 returned 403 (attempt 2/3)
[2026-05-15T10:47:55.862Z] [INFO] hemnet-targeted-match: match booli_id=4947425 "Murarvägen 13" listed=2026-05-10 postcode=16833 https://www.booli.se/bostad/4947425
   -> hemnet_id=21721791 published=1778511984 postCode=16833 ✓ https://www.hemnet.se/bostad/21721791
[2026-05-15T10:47:56.149Z] [WARN] hemnet-targeted-match: https://www.hemnet.se/bostader?location_ids%5B%5D=17800&price_min=2327500&price_max=2572500 returned 403 (attempt 1/3)
[2026-05-15T10:47:56.871Z] [INFO] hemnet-targeted-match: oxylabs-fallback-success url=https://www.hemnet.se/bostader?location_ids%5B%5D=17920&price_min=1420250&price_max=1569750 ms=10022
[2026-05-15T10:47:56.873Z] [INFO] hemnet-targeted-match: narrowed search hit 50 cards booli_id=4943362 muni="Göteborg" filters=[price] url=https://www.hemnet.se/bostader?location_ids%5B%5D=17920&price_min=1420250&price_max=1569750
[2026-05-15T10:47:57.077Z] [WARN] hemnet-targeted-match: https://www.hemnet.se/bostad/21377033 returned 403 (attempt 1/3)
[2026-05-15T10:47:57.359Z] [WARN] hemnet-targeted-match: https://www.hemnet.se/bostader?location_ids%5B%5D=17800&price_min=2327500&price_max=2572500 returned 403 (attempt 2/3)
[2026-05-15T10:47:58.278Z] [WARN] hemnet-targeted-match: https://www.hemnet.se/bostad/21377033 returned 403 (attempt 2/3)
[2026-05-15T10:47:59.537Z] [WARN] hemnet-targeted-match: https://www.hemnet.se/bostader?location_ids%5B%5D=17800&price_min=2327500&price_max=2572500 returned 403 (attempt 3/3)
[2026-05-15T10:47:59.537Z] [INFO] hemnet-targeted-match: oxylabs-fallback url=https://www.hemnet.se/bostader?location_ids%5B%5D=17800&price_min=2327500&price_max=2572500 direct-status=403 attempt=1
[2026-05-15T10:48:00.467Z] [WARN] hemnet-targeted-match: https://www.hemnet.se/bostad/21377033 returned 403 (attempt 3/3)
[2026-05-15T10:48:00.468Z] [INFO] hemnet-targeted-match: oxylabs-fallback url=https://www.hemnet.se/bostad/21377033 direct-status=403 attempt=1
[2026-05-15T10:48:04.959Z] [INFO] hemnet-targeted-match: oxylabs-fallback-success url=https://www.hemnet.se/bostad/21377033 ms=4491
[2026-05-15T10:48:04.960Z] [INFO] hemnet-targeted-match: postcode-mismatch booli_id=4943362 booli=42146 hemnet=42151 hemnet_id=21377033
[2026-05-15T10:48:05.367Z] [WARN] hemnet-targeted-match: https://www.hemnet.se/bostader?location_ids%5B%5D=18028&price_min=3320250&price_max=3669750 returned 403 (attempt 1/3)
[2026-05-15T10:48:05.952Z] [INFO] hemnet-targeted-match: oxylabs-fallback-success url=https://www.hemnet.se/bostader?location_ids%5B%5D=17800&price_min=2327500&price_max=2572500 ms=6415
[2026-05-15T10:48:05.956Z] [INFO] hemnet-targeted-match: narrowed search hit 50 cards booli_id=4956577 muni="Uppsala" filters=[price] url=https://www.hemnet.se/bostader?location_ids%5B%5D=17800&price_min=2327500&price_max=2572500
[2026-05-15T10:48:06.120Z] [WARN] hemnet-targeted-match: https://www.hemnet.se/bostad/20067779 returned 403 (attempt 1/3)
[2026-05-15T10:48:06.548Z] [WARN] hemnet-targeted-match: https://www.hemnet.se/bostader?location_ids%5B%5D=18028&price_min=3320250&price_max=3669750 returned 403 (attempt 2/3)
[2026-05-15T10:48:07.297Z] [WARN] hemnet-targeted-match: https://www.hemnet.se/bostad/20067779 returned 403 (attempt 2/3)
[2026-05-15T10:48:08.719Z] [WARN] hemnet-targeted-match: https://www.hemnet.se/bostader?location_ids%5B%5D=18028&price_min=3320250&price_max=3669750 returned 403 (attempt 3/3)
[2026-05-15T10:48:08.719Z] [INFO] hemnet-targeted-match: oxylabs-fallback url=https://www.hemnet.se/bostader?location_ids%5B%5D=18028&price_min=3320250&price_max=3669750 direct-status=403 attempt=1
[2026-05-15T10:48:09.536Z] [WARN] hemnet-targeted-match: https://www.hemnet.se/bostad/20067779 returned 403 (attempt 3/3)
[2026-05-15T10:48:09.536Z] [INFO] hemnet-targeted-match: oxylabs-fallback url=https://www.hemnet.se/bostad/20067779 direct-status=403 attempt=1
[2026-05-15T10:48:16.948Z] [INFO] hemnet-targeted-match: oxylabs-fallback-success url=https://www.hemnet.se/bostad/20067779 ms=7412
[2026-05-15T10:48:16.949Z] [INFO] hemnet-targeted-match: match booli_id=4956577 "Kungsgatan 93C" listed=2026-05-12 postcode=75318 https://www.booli.se/bostad/4956577
   -> hemnet_id=20067779 published=1778663255 postCode=75318 ✓ https://www.hemnet.se/bostad/20067779
[2026-05-15T10:48:17.193Z] [INFO] hemnet-targeted-match: narrowed search hit 50 cards booli_id=5027638 muni="Solna" filters=[] url=https://www.hemnet.se/bostader?location_ids%5B%5D=18028
[2026-05-15T10:48:17.401Z] [WARN] hemnet-targeted-match: https://www.hemnet.se/bostad/20172996 returned 403 (attempt 1/3)
[2026-05-15T10:48:18.606Z] [WARN] hemnet-targeted-match: https://www.hemnet.se/bostad/20172996 returned 403 (attempt 2/3)
[2026-05-15T10:48:20.759Z] [WARN] hemnet-targeted-match: https://www.hemnet.se/bostad/20172996 returned 403 (attempt 3/3)
[2026-05-15T10:48:20.759Z] [INFO] hemnet-targeted-match: oxylabs-fallback url=https://www.hemnet.se/bostad/20172996 direct-status=403 attempt=1
[2026-05-15T10:48:23.785Z] [INFO] hemnet-targeted-match: oxylabs-fallback-success url=https://www.hemnet.se/bostader?location_ids%5B%5D=18028&price_min=3320250&price_max=3669750 ms=15066
[2026-05-15T10:48:23.789Z] [INFO] hemnet-targeted-match: narrowed search hit 50 cards booli_id=5027638 muni="Solna" filters=[price] url=https://www.hemnet.se/bostader?location_ids%5B%5D=18028&price_min=3320250&price_max=3669750
[2026-05-15T10:48:23.941Z] [WARN] hemnet-targeted-match: https://www.hemnet.se/bostad/20172996 returned 403 (attempt 1/3)
[2026-05-15T10:48:24.373Z] [INFO] hemnet-targeted-match: oxylabs-fallback-success url=https://www.hemnet.se/bostad/20172996 ms=3614
[2026-05-15T10:48:24.374Z] [INFO] hemnet-targeted-match: match booli_id=5027638 "Solnavägen 13C" listed=2026-05-11 postcode=17165 https://www.booli.se/bostad/5027638
   -> hemnet_id=20172996 published=1778581585 postCode=17165 ✓ https://www.hemnet.se/bostad/20172996
[2026-05-15T10:48:24.875Z] [WARN] hemnet-targeted-match: https://www.hemnet.se/bostader?location_ids%5B%5D=17775 returned 403 (attempt 1/3)
[2026-05-15T10:48:25.123Z] [WARN] hemnet-targeted-match: https://www.hemnet.se/bostad/20172996 returned 403 (attempt 2/3)
[2026-05-15T10:48:26.081Z] [WARN] hemnet-targeted-match: https://www.hemnet.se/bostader?location_ids%5B%5D=17775 returned 403 (attempt 2/3)
[2026-05-15T10:48:28.248Z] [WARN] hemnet-targeted-match: https://www.hemnet.se/bostader?location_ids%5B%5D=17775 returned 403 (attempt 3/3)
[2026-05-15T10:48:28.248Z] [INFO] hemnet-targeted-match: oxylabs-fallback url=https://www.hemnet.se/bostader?location_ids%5B%5D=17775 direct-status=403 attempt=1
[2026-05-15T10:48:29.031Z] [INFO] hemnet-targeted-match: match booli_id=5027638 "Solnavägen 13C" listed=2026-05-11 postcode=17165 https://www.booli.se/bostad/5027638
   -> hemnet_id=20172996 published=1778581585 postCode=17165 ✓ https://www.hemnet.se/bostad/20172996
[2026-05-15T10:48:29.503Z] [WARN] hemnet-targeted-match: https://www.hemnet.se/bostader?location_ids%5B%5D=17853&price_min=1610250&price_max=1779750 returned 403 (attempt 1/3)
[2026-05-15T10:48:30.762Z] [WARN] hemnet-targeted-match: https://www.hemnet.se/bostader?location_ids%5B%5D=17853&price_min=1610250&price_max=1779750 returned 403 (attempt 2/3)
[2026-05-15T10:48:33.022Z] [WARN] hemnet-targeted-match: https://www.hemnet.se/bostader?location_ids%5B%5D=17853&price_min=1610250&price_max=1779750 returned 403 (attempt 3/3)
[2026-05-15T10:48:33.023Z] [INFO] hemnet-targeted-match: oxylabs-fallback url=https://www.hemnet.se/bostader?location_ids%5B%5D=17853&price_min=1610250&price_max=1779750 direct-status=403 attempt=1
[2026-05-15T10:48:33.521Z] [INFO] hemnet-targeted-match: oxylabs-fallback-success url=https://www.hemnet.se/bostader?location_ids%5B%5D=17775 ms=5273
[2026-05-15T10:48:33.524Z] [INFO] hemnet-targeted-match: narrowed search hit 51 cards booli_id=5058406 muni="Södertälje" filters=[] url=https://www.hemnet.se/bostader?location_ids%5B%5D=17775
[2026-05-15T10:48:33.666Z] [WARN] hemnet-targeted-match: https://www.hemnet.se/bostad/20334255 returned 403 (attempt 1/3)
[2026-05-15T10:48:34.860Z] [WARN] hemnet-targeted-match: https://www.hemnet.se/bostad/20334255 returned 403 (attempt 2/3)
[2026-05-15T10:48:37.024Z] [WARN] hemnet-targeted-match: https://www.hemnet.se/bostad/20334255 returned 403 (attempt 3/3)
[2026-05-15T10:48:37.024Z] [INFO] hemnet-targeted-match: oxylabs-fallback url=https://www.hemnet.se/bostad/20334255 direct-status=403 attempt=1
[2026-05-15T10:48:40.652Z] [INFO] hemnet-targeted-match: oxylabs-fallback-success url=https://www.hemnet.se/bostad/20334255 ms=3628
[2026-05-15T10:48:40.653Z] [INFO] hemnet-targeted-match: postcode-mismatch booli_id=5058406 booli=15257 hemnet=15259 hemnet_id=20334255
[2026-05-15T10:48:40.653Z] [INFO] hemnet-targeted-match: processed 25/200 (matched: 12, errors: 0)
[2026-05-15T10:48:41.173Z] [WARN] hemnet-targeted-match: https://www.hemnet.se/bostader?location_ids%5B%5D=17945&price_min=1662500&price_max=1837500 returned 403 (attempt 1/3)
[2026-05-15T10:48:42.094Z] [INFO] hemnet-targeted-match: oxylabs-fallback-success url=https://www.hemnet.se/bostader?location_ids%5B%5D=17853&price_min=1610250&price_max=1779750 ms=9071
[2026-05-15T10:48:42.097Z] [INFO] hemnet-targeted-match: narrowed search hit 50 cards booli_id=5066692 muni="Nacka" filters=[price] url=https://www.hemnet.se/bostader?location_ids%5B%5D=17853&price_min=1610250&price_max=1779750
[2026-05-15T10:48:42.256Z] [WARN] hemnet-targeted-match: https://www.hemnet.se/bostad/21349545 returned 403 (attempt 1/3)
[2026-05-15T10:48:42.386Z] [WARN] hemnet-targeted-match: https://www.hemnet.se/bostader?location_ids%5B%5D=17945&price_min=1662500&price_max=1837500 returned 403 (attempt 2/3)
[2026-05-15T10:48:45.148Z] [INFO] hemnet-targeted-match: postcode-mismatch booli_id=5066692 booli=13835 hemnet=13839 hemnet_id=21349545
[2026-05-15T10:48:45.388Z] [INFO] hemnet-targeted-match: narrowed search hit 50 cards booli_id=5096499 muni="Hässleholm" filters=[price] url=https://www.hemnet.se/bostader?location_ids%5B%5D=17945&price_min=1662500&price_max=1837500
[2026-05-15T10:48:45.455Z] [INFO] hemnet-targeted-match: narrowed search hit 51 cards booli_id=5102229 muni="Nacka" filters=[] url=https://www.hemnet.se/bostader?location_ids%5B%5D=17853
[2026-05-15T10:48:45.455Z] [INFO] hemnet-targeted-match: unmatched-narrowed-no-card-match booli_id=5102229 street="Nya gatan 9" muni="Nacka" cardsSeen=51 filters=[]
[2026-05-15T10:48:45.858Z] [WARN] hemnet-targeted-match: https://www.hemnet.se/bostader?location_ids%5B%5D=17853&price_min=3510250&price_max=3879750 returned 403 (attempt 1/3)
[2026-05-15T10:48:47.384Z] [INFO] hemnet-targeted-match: match booli_id=5096499 "Åbroddsgränden 9" listed=2026-05-10 postcode=28133 https://www.booli.se/bostad/5096499
   -> hemnet_id=20699355 published=1778491272 postCode=28133 ✓ https://www.hemnet.se/bostad/20699355
[2026-05-15T10:48:48.057Z] [INFO] hemnet-targeted-match: narrowed search hit 50 cards booli_id=5102229 muni="Nacka" filters=[price] url=https://www.hemnet.se/bostader?location_ids%5B%5D=17853&price_min=3510250&price_max=3879750
[2026-05-15T10:48:49.975Z] [INFO] hemnet-targeted-match: postcode-mismatch booli_id=5102229 booli=13141 hemnet=13157 hemnet_id=20588041
[2026-05-15T10:48:50.053Z] [INFO] hemnet-targeted-match: narrowed search hit 51 cards booli_id=5152887 muni="Uppsala" filters=[price] url=https://www.hemnet.se/bostader?location_ids%5B%5D=17800&price_min=1795500&price_max=1984500
[2026-05-15T10:48:51.385Z] [INFO] hemnet-targeted-match: narrowed search hit 50 cards booli_id=5161935 muni="Strömstad" filters=[price] url=https://www.hemnet.se/bostader?location_ids%5B%5D=18034&price_min=3225250&price_max=3564750
[2026-05-15T10:48:51.385Z] [INFO] hemnet-targeted-match: unmatched-narrowed-no-card-match booli_id=5161935 street="Strand 9" muni="Strömstad" cardsSeen=50 filters=[price]
[2026-05-15T10:48:51.969Z] [INFO] hemnet-targeted-match: postcode-mismatch booli_id=5152887 booli=75267 hemnet=75269 hemnet_id=21701434
[2026-05-15T10:48:52.607Z] [INFO] hemnet-targeted-match: narrowed search hit 50 cards booli_id=5164601 muni="Värmdö" filters=[price] url=https://www.hemnet.se/bostader?location_ids%5B%5D=17818&price_min=3562500&price_max=3937500
[2026-05-15T10:48:52.770Z] [WARN] hemnet-targeted-match: https://www.hemnet.se/bostad/21713557 returned 403 (attempt 1/3)
[2026-05-15T10:48:53.117Z] [INFO] hemnet-targeted-match: narrowed search hit 51 cards booli_id=5164601 muni="Värmdö" filters=[] url=https://www.hemnet.se/bostader?location_ids%5B%5D=17818
[2026-05-15T10:48:53.423Z] [WARN] hemnet-targeted-match: https://www.hemnet.se/bostad/21713557 returned 403 (attempt 1/3)
[2026-05-15T10:48:53.987Z] [WARN] hemnet-targeted-match: https://www.hemnet.se/bostad/21713557 returned 403 (attempt 2/3)
[2026-05-15T10:48:56.392Z] [INFO] hemnet-targeted-match: match booli_id=5164601 "Rekordvägen 7" listed=2026-05-12 postcode=13439 https://www.booli.se/bostad/5164601
   -> hemnet_id=21713557 published=1778661805 postCode=13439 ✓ https://www.hemnet.se/bostad/21713557
[2026-05-15T10:48:56.684Z] [WARN] hemnet-targeted-match: https://www.hemnet.se/bostader?location_ids%5B%5D=18030&price_min=3325000&price_max=3675000 returned 403 (attempt 1/3)
[2026-05-15T10:48:57.890Z] [WARN] hemnet-targeted-match: https://www.hemnet.se/bostader?location_ids%5B%5D=18030&price_min=3325000&price_max=3675000 returned 403 (attempt 2/3)
[2026-05-15T10:48:57.947Z] [INFO] hemnet-targeted-match: match booli_id=5164601 "Rekordvägen 7" listed=2026-05-12 postcode=13439 https://www.booli.se/bostad/5164601
   -> hemnet_id=21713557 published=1778661805 postCode=13439 ✓ https://www.hemnet.se/bostad/21713557
[2026-05-15T10:48:58.129Z] [WARN] hemnet-targeted-match: null-title booli_id=5204931 muni="Järfälla"
[2026-05-15T10:48:59.710Z] [INFO] hemnet-targeted-match: narrowed search hit 50 cards booli_id=5210048 muni="Stockholm" filters=[price] url=https://www.hemnet.se/bostader?location_ids%5B%5D=18031&price_min=7125000&price_max=7875000
[2026-05-15T10:48:59.925Z] [WARN] hemnet-targeted-match: https://www.hemnet.se/bostad/21722692 returned 403 (attempt 1/3)
[2026-05-15T10:49:00.100Z] [WARN] hemnet-targeted-match: https://www.hemnet.se/bostader?location_ids%5B%5D=18030&price_min=3325000&price_max=3675000 returned 403 (attempt 3/3)
[2026-05-15T10:49:00.100Z] [INFO] hemnet-targeted-match: oxylabs-fallback url=https://www.hemnet.se/bostader?location_ids%5B%5D=18030&price_min=3325000&price_max=3675000 direct-status=403 attempt=1
[2026-05-15T10:49:02.800Z] [INFO] hemnet-targeted-match: match booli_id=5210048 "Karlaplan 2A" listed=2026-05-10 postcode=11460 https://www.booli.se/bostad/5210048
   -> hemnet_id=21722692 published=1778599720 postCode=11460 ✓ https://www.hemnet.se/bostad/21722692
[2026-05-15T10:49:03.216Z] [WARN] hemnet-targeted-match: https://www.hemnet.se/bostader?location_ids%5B%5D=17932&price_min=1377500&price_max=1522500 returned 403 (attempt 1/3)
